<?xml version="1.0" encoding="UTF-8"?>
<testng-results skipped="0" failed="0" ignored="0" total="1" passed="1">
  <reporter-output>
  </reporter-output>
  <suite name="Default suite" duration-ms="8473" started-at="2019-01-09T07:43:48Z" finished-at="2019-01-09T07:43:57Z">
    <groups>
    </groups>
    <test name="Default test" duration-ms="8473" started-at="2019-01-09T07:43:48Z" finished-at="2019-01-09T07:43:57Z">
      <class name="SeleniumLearning.ValidateSubTitle2">
        <test-method status="PASS" signature="intializaDriver()[pri:0, instance:SeleniumLearning.ValidateSubTitle2@51565ec2]" name="intializaDriver" is-config="true" duration-ms="6773" started-at="2019-01-09T02:43:48Z" finished-at="2019-01-09T02:43:55Z">
          <reporter-output>
          </reporter-output>
        </test-method> <!-- intializaDriver -->
        <test-method status="PASS" signature="basePageNavigtion2()[pri:0, instance:SeleniumLearning.ValidateSubTitle2@51565ec2]" name="basePageNavigtion2" duration-ms="876" started-at="2019-01-09T02:43:55Z" finished-at="2019-01-09T02:43:56Z">
          <reporter-output>
          </reporter-output>
        </test-method> <!-- basePageNavigtion2 -->
        <test-method status="PASS" signature="teardown()[pri:0, instance:SeleniumLearning.ValidateSubTitle2@51565ec2]" name="teardown" is-config="true" duration-ms="792" started-at="2019-01-09T02:43:56Z" finished-at="2019-01-09T02:43:57Z">
          <reporter-output>
          </reporter-output>
        </test-method> <!-- teardown -->
      </class> <!-- SeleniumLearning.ValidateSubTitle2 -->
    </test> <!-- Default test -->
  </suite> <!-- Default suite -->
</testng-results>
